<?xml version="1.0" encoding="UTF-8"?>
<testsuite xmlns:xsi="http://www.w3.org/2001/XMLSchema-instance" xsi:noNamespaceSchemaLocation="https://maven.apache.org/surefire/maven-surefire-plugin/xsd/surefire-test-report.xsd" name="pl.kurs.controller.PatientControllerTest" time="0.144" tests="9" errors="0" skipped="0" failures="9">
  <properties>
[...]
</properties>
  <testcase name="shouldGetAll" classname="pl.kurs.controller.PatientControllerTest" time="0.007">
    <failure message="Status expected:&lt;200&gt; but was:&lt;401&gt;" type="java.lang.AssertionError"><![CDATA[java.lang.AssertionError: Status expected:<200> but was:<401>
	at pl.kurs.controller.PatientControllerTest.shouldGetAll(PatientControllerTest.java:74)
]]></failure>
    <system-out><![CDATA[2023-06-19 23:55:34.076  INFO 29220 --- [           main] .b.t.c.SpringBootTestContextBootstrapper : Neither @ContextConfiguration nor @ContextHierarchy found for test class [pl.kurs.controller.PatientControllerTest], using SpringBootContextLoader
2023-06-19 23:55:34.077  INFO 29220 --- [           main] o.s.t.c.support.AbstractContextLoader    : Could not detect default resource locations for test class [pl.kurs.controller.PatientControllerTest]: no resource found for suffixes {-context.xml, Context.groovy}.
2023-06-19 23:55:34.077  INFO 29220 --- [           main] t.c.s.AnnotationConfigContextLoaderUtils : Could not detect default configuration classes for test class [pl.kurs.controller.PatientControllerTest]: PatientControllerTest does not declare any static, non-private, non-final, nested classes annotated with @Configuration.
2023-06-19 23:55:34.084  INFO 29220 --- [           main] .b.t.c.SpringBootTestContextBootstrapper : Found @SpringBootConfiguration pl.kurs.Main for test class pl.kurs.controller.PatientControllerTest
2023-06-19 23:55:34.088  INFO 29220 --- [           main] .b.t.c.SpringBootTestContextBootstrapper : Loaded default TestExecutionListener class names from location [META-INF/spring.factories]: [org.springframework.boot.test.mock.mockito.MockitoTestExecutionListener, org.springframework.boot.test.mock.mockito.ResetMocksTestExecutionListener, org.springframework.boot.test.autoconfigure.restdocs.RestDocsTestExecutionListener, org.springframework.boot.test.autoconfigure.web.client.MockRestServiceServerResetTestExecutionListener, org.springframework.boot.test.autoconfigure.web.servlet.MockMvcPrintOnlyOnFailureTestExecutionListener, org.springframework.boot.test.autoconfigure.web.servlet.WebDriverTestExecutionListener, org.springframework.boot.test.autoconfigure.webservices.client.MockWebServiceServerTestExecutionListener, org.springframework.test.context.web.ServletTestExecutionListener, org.springframework.test.context.support.DirtiesContextBeforeModesTestExecutionListener, org.springframework.test.context.event.ApplicationEventsTestExecutionListener, org.springframework.test.context.support.DependencyInjectionTestExecutionListener, org.springframework.test.context.support.DirtiesContextTestExecutionListener, org.springframework.test.context.transaction.TransactionalTestExecutionListener, org.springframework.test.context.jdbc.SqlScriptsTestExecutionListener, org.springframework.test.context.event.EventPublishingTestExecutionListener]
2023-06-19 23:55:34.089  INFO 29220 --- [           main] .b.t.c.SpringBootTestContextBootstrapper : Using TestExecutionListeners: [org.springframework.test.context.web.ServletTestExecutionListener@a16393, org.springframework.test.context.support.DirtiesContextBeforeModesTestExecutionListener@4f86ff, org.springframework.test.context.event.ApplicationEventsTestExecutionListener@1628c83, org.springframework.boot.test.mock.mockito.MockitoTestExecutionListener@162ddba, org.springframework.boot.test.autoconfigure.SpringBootDependencyInjectionTestExecutionListener@589efe, org.springframework.test.context.support.DirtiesContextTestExecutionListener@788db4, org.springframework.test.context.transaction.TransactionalTestExecutionListener@11b016c, org.springframework.test.context.jdbc.SqlScriptsTestExecutionListener@ab91b8, org.springframework.test.context.event.EventPublishingTestExecutionListener@6e45bd, org.springframework.boot.test.mock.mockito.ResetMocksTestExecutionListener@4965e9, org.springframework.boot.test.autoconfigure.restdocs.RestDocsTestExecutionListener@1120a6d, org.springframework.boot.test.autoconfigure.web.client.MockRestServiceServerResetTestExecutionListener@1c46a66, org.springframework.boot.test.autoconfigure.web.servlet.MockMvcPrintOnlyOnFailureTestExecutionListener@1338d8e, org.springframework.boot.test.autoconfigure.web.servlet.WebDriverTestExecutionListener@ead92c, org.springframework.boot.test.autoconfigure.webservices.client.MockWebServiceServerTestExecutionListener@184f2be]
Hibernate: select patient0_.id as id1_1_, patient0_.deleted as deleted2_1_, patient0_.email as email3_1_, patient0_.name as name4_1_, patient0_.pesel as pesel5_1_, patient0_.surname as surname6_1_ from patient patient0_ where ( patient0_.deleted=false)
Hibernate: insert into patient (id, deleted, email, name, pesel, surname) values (default, ?, ?, ?, ?, ?)

MockHttpServletRequest:
      HTTP Method = GET
      Request URI = /api/v1/patient
       Parameters = {}
          Headers = [Content-Type:"application/json;charset=UTF-8"]
             Body = null
    Session Attrs = {}

Handler:
             Type = null

Async:
    Async started = false
     Async result = null

Resolved Exception:
             Type = null

ModelAndView:
        View name = null
             View = null
            Model = null

FlashMap:
       Attributes = null

MockHttpServletResponse:
           Status = 401
    Error message = unauthorized
          Headers = [X-Content-Type-Options:"nosniff", X-XSS-Protection:"1; mode=block", Cache-Control:"no-cache, no-store, max-age=0, must-revalidate", Pragma:"no-cache", Expires:"0", X-Frame-Options:"DENY"]
     Content type = null
             Body = 
    Forwarded URL = null
   Redirected URL = null
          Cookies = []
]]></system-out>
  </testcase>
  <testcase name="shouldGetPatientById" classname="pl.kurs.controller.PatientControllerTest" time="0.029">
    <failure message="Status expected:&lt;200&gt; but was:&lt;401&gt;" type="java.lang.AssertionError"><![CDATA[java.lang.AssertionError: Status expected:<200> but was:<401>
	at pl.kurs.controller.PatientControllerTest.shouldGetPatientById(PatientControllerTest.java:95)
]]></failure>
    <system-out><![CDATA[Hibernate: select patient0_.id as id1_1_, patient0_.deleted as deleted2_1_, patient0_.email as email3_1_, patient0_.name as name4_1_, patient0_.pesel as pesel5_1_, patient0_.surname as surname6_1_ from patient patient0_ where ( patient0_.deleted=false)
Hibernate: UPDATE patient SET deleted = true WHERE id=?
Hibernate: insert into patient (id, deleted, email, name, pesel, surname) values (default, ?, ?, ?, ?, ?)

MockHttpServletRequest:
      HTTP Method = GET
      Request URI = /api/v1/patient/2
       Parameters = {}
          Headers = [Content-Type:"application/json;charset=UTF-8"]
             Body = null
    Session Attrs = {}

Handler:
             Type = null

Async:
    Async started = false
     Async result = null

Resolved Exception:
             Type = null

ModelAndView:
        View name = null
             View = null
            Model = null

FlashMap:
       Attributes = null

MockHttpServletResponse:
           Status = 401
    Error message = unauthorized
          Headers = [X-Content-Type-Options:"nosniff", X-XSS-Protection:"1; mode=block", Cache-Control:"no-cache, no-store, max-age=0, must-revalidate", Pragma:"no-cache", Expires:"0", X-Frame-Options:"DENY"]
     Content type = null
             Body = 
    Forwarded URL = null
   Redirected URL = null
          Cookies = []
]]></system-out>
  </testcase>
  <testcase name="shouldSaveNewPatient" classname="pl.kurs.controller.PatientControllerTest" time="0.024">
    <failure message="Status expected:&lt;201&gt; but was:&lt;401&gt;" type="java.lang.AssertionError"><![CDATA[java.lang.AssertionError: Status expected:<201> but was:<401>
	at pl.kurs.controller.PatientControllerTest.shouldSaveNewPatient(PatientControllerTest.java:54)
]]></failure>
    <system-out><![CDATA[Hibernate: select patient0_.id as id1_1_, patient0_.deleted as deleted2_1_, patient0_.email as email3_1_, patient0_.name as name4_1_, patient0_.pesel as pesel5_1_, patient0_.surname as surname6_1_ from patient patient0_ where ( patient0_.deleted=false)
Hibernate: UPDATE patient SET deleted = true WHERE id=?

MockHttpServletRequest:
      HTTP Method = POST
      Request URI = /api/v1/patient
       Parameters = {}
          Headers = [Content-Type:"application/json;charset=UTF-8", Content-Length:"73"]
             Body = {"name":"A","surname":"B","pesel":"11111111111","email":"abcdf@abcd.com"}
    Session Attrs = {}

Handler:
             Type = null

Async:
    Async started = false
     Async result = null

Resolved Exception:
             Type = null

ModelAndView:
        View name = null
             View = null
            Model = null

FlashMap:
       Attributes = null

MockHttpServletResponse:
           Status = 401
    Error message = unauthorized
          Headers = [X-Content-Type-Options:"nosniff", X-XSS-Protection:"1; mode=block", Cache-Control:"no-cache, no-store, max-age=0, must-revalidate", Pragma:"no-cache", Expires:"0", X-Frame-Options:"DENY"]
     Content type = null
             Body = 
    Forwarded URL = null
   Redirected URL = null
          Cookies = []
]]></system-out>
  </testcase>
  <testcase name="shouldFailValidationCreatePatient{CreatePatientCommand}[1]" classname="pl.kurs.controller.PatientControllerTest" time="0.011">
    <failure message="Status expected:&lt;400&gt; but was:&lt;401&gt;" type="java.lang.AssertionError"><![CDATA[java.lang.AssertionError: Status expected:<400> but was:<401>
	at pl.kurs.controller.PatientControllerTest.shouldFailValidationCreatePatient(PatientControllerTest.java:151)
]]></failure>
    <system-out><![CDATA[Hibernate: select patient0_.id as id1_1_, patient0_.deleted as deleted2_1_, patient0_.email as email3_1_, patient0_.name as name4_1_, patient0_.pesel as pesel5_1_, patient0_.surname as surname6_1_ from patient patient0_ where ( patient0_.deleted=false)

MockHttpServletRequest:
      HTTP Method = POST
      Request URI = /api/v1/patient
       Parameters = {}
          Headers = [Content-Type:"application/json;charset=UTF-8", Content-Length:"75"]
             Body = {"name":null,"surname":"XXX","pesel":"12345678901","email":"abcd@abcd.com"}
    Session Attrs = {}

Handler:
             Type = null

Async:
    Async started = false
     Async result = null

Resolved Exception:
             Type = null

ModelAndView:
        View name = null
             View = null
            Model = null

FlashMap:
       Attributes = null

MockHttpServletResponse:
           Status = 401
    Error message = unauthorized
          Headers = [X-Content-Type-Options:"nosniff", X-XSS-Protection:"1; mode=block", Cache-Control:"no-cache, no-store, max-age=0, must-revalidate", Pragma:"no-cache", Expires:"0", X-Frame-Options:"DENY"]
     Content type = null
             Body = 
    Forwarded URL = null
   Redirected URL = null
          Cookies = []
]]></system-out>
  </testcase>
  <testcase name="shouldFailValidationCreatePatient{CreatePatientCommand}[2]" classname="pl.kurs.controller.PatientControllerTest" time="0.009">
    <failure message="Status expected:&lt;400&gt; but was:&lt;401&gt;" type="java.lang.AssertionError"><![CDATA[java.lang.AssertionError: Status expected:<400> but was:<401>
	at pl.kurs.controller.PatientControllerTest.shouldFailValidationCreatePatient(PatientControllerTest.java:151)
]]></failure>
    <system-out><![CDATA[Hibernate: select patient0_.id as id1_1_, patient0_.deleted as deleted2_1_, patient0_.email as email3_1_, patient0_.name as name4_1_, patient0_.pesel as pesel5_1_, patient0_.surname as surname6_1_ from patient patient0_ where ( patient0_.deleted=false)

MockHttpServletRequest:
      HTTP Method = POST
      Request URI = /api/v1/patient
       Parameters = {}
          Headers = [Content-Type:"application/json;charset=UTF-8", Content-Length:"75"]
             Body = {"name":"AAA","surname":null,"pesel":"12345678901","email":"abcd@abcd.com"}
    Session Attrs = {}

Handler:
             Type = null

Async:
    Async started = false
     Async result = null

Resolved Exception:
             Type = null

ModelAndView:
        View name = null
             View = null
            Model = null

FlashMap:
       Attributes = null

MockHttpServletResponse:
           Status = 401
    Error message = unauthorized
          Headers = [X-Content-Type-Options:"nosniff", X-XSS-Protection:"1; mode=block", Cache-Control:"no-cache, no-store, max-age=0, must-revalidate", Pragma:"no-cache", Expires:"0", X-Frame-Options:"DENY"]
     Content type = null
             Body = 
    Forwarded URL = null
   Redirected URL = null
          Cookies = []
]]></system-out>
  </testcase>
  <testcase name="shouldFailValidationCreatePatient{CreatePatientCommand}[3]" classname="pl.kurs.controller.PatientControllerTest" time="0.009">
    <failure message="Status expected:&lt;400&gt; but was:&lt;401&gt;" type="java.lang.AssertionError"><![CDATA[java.lang.AssertionError: Status expected:<400> but was:<401>
	at pl.kurs.controller.PatientControllerTest.shouldFailValidationCreatePatient(PatientControllerTest.java:151)
]]></failure>
    <system-out><![CDATA[Hibernate: select patient0_.id as id1_1_, patient0_.deleted as deleted2_1_, patient0_.email as email3_1_, patient0_.name as name4_1_, patient0_.pesel as pesel5_1_, patient0_.surname as surname6_1_ from patient patient0_ where ( patient0_.deleted=false)

MockHttpServletRequest:
      HTTP Method = POST
      Request URI = /api/v1/patient
       Parameters = {}
          Headers = [Content-Type:"application/json;charset=UTF-8", Content-Length:"66"]
             Body = {"name":"AAA","surname":"XXX","pesel":"1","email":"abcd@abcd.com"}
    Session Attrs = {}

Handler:
             Type = null

Async:
    Async started = false
     Async result = null

Resolved Exception:
             Type = null

ModelAndView:
        View name = null
             View = null
            Model = null

FlashMap:
       Attributes = null

MockHttpServletResponse:
           Status = 401
    Error message = unauthorized
          Headers = [X-Content-Type-Options:"nosniff", X-XSS-Protection:"1; mode=block", Cache-Control:"no-cache, no-store, max-age=0, must-revalidate", Pragma:"no-cache", Expires:"0", X-Frame-Options:"DENY"]
     Content type = null
             Body = 
    Forwarded URL = null
   Redirected URL = null
          Cookies = []
]]></system-out>
  </testcase>
  <testcase name="shouldFailValidationCreatePatient{CreatePatientCommand}[4]" classname="pl.kurs.controller.PatientControllerTest" time="0.011">
    <failure message="Status expected:&lt;400&gt; but was:&lt;401&gt;" type="java.lang.AssertionError"><![CDATA[java.lang.AssertionError: Status expected:<400> but was:<401>
	at pl.kurs.controller.PatientControllerTest.shouldFailValidationCreatePatient(PatientControllerTest.java:151)
]]></failure>
    <system-out><![CDATA[Hibernate: select patient0_.id as id1_1_, patient0_.deleted as deleted2_1_, patient0_.email as email3_1_, patient0_.name as name4_1_, patient0_.pesel as pesel5_1_, patient0_.surname as surname6_1_ from patient patient0_ where ( patient0_.deleted=false)

MockHttpServletRequest:
      HTTP Method = POST
      Request URI = /api/v1/patient
       Parameters = {}
          Headers = [Content-Type:"application/json;charset=UTF-8", Content-Length:"64"]
             Body = {"name":"AAA","surname":"XXX","pesel":"12345678901","email":"x"}
    Session Attrs = {}

Handler:
             Type = null

Async:
    Async started = false
     Async result = null

Resolved Exception:
             Type = null

ModelAndView:
        View name = null
             View = null
            Model = null

FlashMap:
       Attributes = null

MockHttpServletResponse:
           Status = 401
    Error message = unauthorized
          Headers = [X-Content-Type-Options:"nosniff", X-XSS-Protection:"1; mode=block", Cache-Control:"no-cache, no-store, max-age=0, must-revalidate", Pragma:"no-cache", Expires:"0", X-Frame-Options:"DENY"]
     Content type = null
             Body = 
    Forwarded URL = null
   Redirected URL = null
          Cookies = []
]]></system-out>
  </testcase>
  <testcase name="shouldEditPatient" classname="pl.kurs.controller.PatientControllerTest" time="0.014">
    <failure message="Status expected:&lt;200&gt; but was:&lt;401&gt;" type="java.lang.AssertionError"><![CDATA[java.lang.AssertionError: Status expected:<200> but was:<401>
	at pl.kurs.controller.PatientControllerTest.shouldEditPatient(PatientControllerTest.java:130)
]]></failure>
    <system-out><![CDATA[Hibernate: select patient0_.id as id1_1_, patient0_.deleted as deleted2_1_, patient0_.email as email3_1_, patient0_.name as name4_1_, patient0_.pesel as pesel5_1_, patient0_.surname as surname6_1_ from patient patient0_ where ( patient0_.deleted=false)
Hibernate: insert into patient (id, deleted, email, name, pesel, surname) values (default, ?, ?, ?, ?, ?)

MockHttpServletRequest:
      HTTP Method = PUT
      Request URI = /api/v1/patient/3
       Parameters = {}
          Headers = [Content-Type:"application/json;charset=UTF-8", Content-Length:"76"]
             Body = {"name":"XXX","surname":"ZZZ","pesel":"09876943211","email":"ACDE@BALA.com"}
    Session Attrs = {}

Handler:
             Type = null

Async:
    Async started = false
     Async result = null

Resolved Exception:
             Type = null

ModelAndView:
        View name = null
             View = null
            Model = null

FlashMap:
       Attributes = null

MockHttpServletResponse:
           Status = 401
    Error message = unauthorized
          Headers = [X-Content-Type-Options:"nosniff", X-XSS-Protection:"1; mode=block", Cache-Control:"no-cache, no-store, max-age=0, must-revalidate", Pragma:"no-cache", Expires:"0", X-Frame-Options:"DENY"]
     Content type = null
             Body = 
    Forwarded URL = null
   Redirected URL = null
          Cookies = []
]]></system-out>
  </testcase>
  <testcase name="shouldRemovePatientById" classname="pl.kurs.controller.PatientControllerTest" time="0.013">
    <failure message="Status expected:&lt;204&gt; but was:&lt;401&gt;" type="java.lang.AssertionError"><![CDATA[java.lang.AssertionError: Status expected:<204> but was:<401>
	at pl.kurs.controller.PatientControllerTest.shouldRemovePatientById(PatientControllerTest.java:115)
]]></failure>
    <system-out><![CDATA[Hibernate: select patient0_.id as id1_1_, patient0_.deleted as deleted2_1_, patient0_.email as email3_1_, patient0_.name as name4_1_, patient0_.pesel as pesel5_1_, patient0_.surname as surname6_1_ from patient patient0_ where ( patient0_.deleted=false)
Hibernate: UPDATE patient SET deleted = true WHERE id=?
Hibernate: insert into patient (id, deleted, email, name, pesel, surname) values (default, ?, ?, ?, ?, ?)

MockHttpServletRequest:
      HTTP Method = DELETE
      Request URI = /api/v1/patient/4
       Parameters = {}
          Headers = [Content-Type:"application/json;charset=UTF-8"]
             Body = null
    Session Attrs = {}

Handler:
             Type = null

Async:
    Async started = false
     Async result = null

Resolved Exception:
             Type = null

ModelAndView:
        View name = null
             View = null
            Model = null

FlashMap:
       Attributes = null

MockHttpServletResponse:
           Status = 401
    Error message = unauthorized
          Headers = [X-Content-Type-Options:"nosniff", X-XSS-Protection:"1; mode=block", Cache-Control:"no-cache, no-store, max-age=0, must-revalidate", Pragma:"no-cache", Expires:"0", X-Frame-Options:"DENY"]
     Content type = null
             Body = 
    Forwarded URL = null
   Redirected URL = null
          Cookies = []
]]></system-out>
  </testcase>
</testsuite>